Wed Nov 14 17:25:20 CST 2018  [debug] AvalonLogSystem initialized using logfile 'D:\WebProject\Edu-Base-Web\DataByJava\.metadata\.plugins\com.genuitec.eclipse.templates\velocity.log'
Wed Nov 14 17:25:20 CST 2018   [info] ************************************************************** 
Wed Nov 14 17:25:20 CST 2018   [info] Starting Jakarta Velocity v1.4
Wed Nov 14 17:25:20 CST 2018   [info] RuntimeInstance initializing.
Wed Nov 14 17:25:20 CST 2018   [info] Default Properties File: org\apache\velocity\runtime\defaults\velocity.properties
Wed Nov 14 17:25:20 CST 2018   [info] Trying to use logger class org.apache.velocity.runtime.log.AvalonLogSystem
Wed Nov 14 17:25:20 CST 2018   [info] Using logger class org.apache.velocity.runtime.log.AvalonLogSystem
Wed Nov 14 17:25:20 CST 2018   [info] Default ResourceManager initializing. (class org.apache.velocity.runtime.resource.ResourceManagerImpl)
Wed Nov 14 17:25:20 CST 2018   [info] Resource Loader Instantiated: com.genuitec.eclipse.templates.internal.PluginResourceLoader
Wed Nov 14 17:25:20 CST 2018   [info] ResourceCache : initialized. (class org.apache.velocity.runtime.resource.ResourceCacheImpl)
Wed Nov 14 17:25:20 CST 2018   [info] Default ResourceManager initialization complete.
Wed Nov 14 17:25:20 CST 2018   [info] Loaded System Directive: org.apache.velocity.runtime.directive.Literal
Wed Nov 14 17:25:20 CST 2018   [info] Loaded System Directive: org.apache.velocity.runtime.directive.Macro
Wed Nov 14 17:25:20 CST 2018   [info] Loaded System Directive: org.apache.velocity.runtime.directive.Parse
Wed Nov 14 17:25:20 CST 2018   [info] Loaded System Directive: org.apache.velocity.runtime.directive.Include
Wed Nov 14 17:25:20 CST 2018   [info] Loaded System Directive: org.apache.velocity.runtime.directive.Foreach
Wed Nov 14 17:25:20 CST 2018   [info] Created: 20 parsers.
Wed Nov 14 17:25:20 CST 2018   [info] Velocimacro : initialization starting.
Wed Nov 14 17:25:20 CST 2018   [info] Velocimacro : adding VMs from VM library template : VM_global_library.vm
Wed Nov 14 17:25:20 CST 2018  [error] ResourceManager : unable to find resource 'VM_global_library.vm' in any resource loader.
Wed Nov 14 17:25:20 CST 2018   [info] Velocimacro : error using  VM library template VM_global_library.vm : org.apache.velocity.exception.ResourceNotFoundException: Unable to find resource 'VM_global_library.vm'
Wed Nov 14 17:25:20 CST 2018   [info] Velocimacro :  VM library template macro registration complete.
Wed Nov 14 17:25:20 CST 2018   [info] Velocimacro : allowInline = true : VMs can be defined inline in templates
Wed Nov 14 17:25:20 CST 2018   [info] Velocimacro : allowInlineToOverride = true : VMs defined inline may replace previous VM definitions
Wed Nov 14 17:25:20 CST 2018   [info] Velocimacro : allowInlineLocal = true : VMs defined inline will be local to their defining template only.
Wed Nov 14 17:25:20 CST 2018   [info] Velocimacro : messages on  : VM system will output logging messages
Wed Nov 14 17:25:20 CST 2018   [info] Velocimacro : autoload off  : VM system will not automatically reload global library macros
Wed Nov 14 17:25:20 CST 2018   [info] Velocimacro : initialization complete.
Wed Nov 14 17:25:20 CST 2018   [info] Velocity successfully started.
Wed Nov 14 17:25:20 CST 2018   [info] ResourceManager : found templates/jsp/Jsp.vtl with loader com.genuitec.eclipse.templates.internal.PluginResourceLoader
Wed Nov 14 17:25:20 CST 2018   [info] ResourceManager : found templates/jsp/JSPMetaTags.vtl with loader com.genuitec.eclipse.templates.internal.PluginResourceLoader
